<?xml version="1.0" encoding="UTF-8"?>
<testng-results ignored="0" total="1" passed="1" failed="0" skipped="0">
  <reporter-output>
  </reporter-output>
  <suite started-at="2021-09-28T13:26:37 IST" name="Suite" finished-at="2021-09-28T13:26:42 IST" duration-ms="5014">
    <groups>
    </groups>
    <test started-at="2021-09-28T13:26:37 IST" name="Test" finished-at="2021-09-28T13:26:42 IST" duration-ms="5014">
      <class name="sdet.RMGYTestScripts.CreateProjectAndVerifyInDB">
        <test-method is-config="true" signature="bsConfig()[pri:0, instance:sdet.RMGYTestScripts.CreateProjectAndVerifyInDB@7fee8714]" started-at="2021-09-28T13:26:35 IST" name="bsConfig" finished-at="2021-09-28T13:26:37 IST" duration-ms="1842" status="PASS">
          <reporter-output>
          </reporter-output>
        </test-method> <!-- bsConfig -->
        <test-method signature="createProjectAndVerifyDB()[pri:0, instance:sdet.RMGYTestScripts.CreateProjectAndVerifyInDB@7fee8714]" started-at="2021-09-28T13:26:37 IST" name="createProjectAndVerifyDB" finished-at="2021-09-28T13:26:42 IST" duration-ms="4936" status="PASS">
          <reporter-output>
          </reporter-output>
        </test-method> <!-- createProjectAndVerifyDB -->
        <test-method is-config="true" signature="asCconfig()[pri:0, instance:sdet.RMGYTestScripts.CreateProjectAndVerifyInDB@7fee8714]" started-at="2021-09-28T13:26:42 IST" name="asCconfig" finished-at="2021-09-28T13:26:42 IST" duration-ms="17" status="PASS">
          <reporter-output>
          </reporter-output>
        </test-method> <!-- asCconfig -->
      </class> <!-- sdet.RMGYTestScripts.CreateProjectAndVerifyInDB -->
    </test> <!-- Test -->
  </suite> <!-- Suite -->
</testng-results>
